#
# A fatal error has been detected by the Java Runtime Environment:
#
#  SIGSEGV (0xb) at pc=0x000000010810cd4c, pid=10142, tid=30731
#
# JRE version: OpenJDK Runtime Environment Temurin-17.0.2+8 (17.0.2+8) (build 17.0.2+8)
# Java VM: OpenJDK 64-Bit Server VM Temurin-17.0.2+8 (17.0.2+8, mixed mode, sharing, tiered, compressed oops, compressed class ptrs, g1 gc, bsd-amd64)
# Problematic frame:
# V  [libjvm.dylib+0x408d4c]  JavaFrameAnchor::make_walkable(JavaThread*)+0x1c
#
# No core dump will be written. Core dumps have been disabled. To enable core dumping, try "ulimit -c unlimited" before starting Java again
#
# If you would like to submit a bug report, please visit:
#   https://github.com/adoptium/adoptium-support/issues
# The crash happened outside the Java Virtual Machine in native code.
# See problematic frame for where to report the bug.
#

---------------  S U M M A R Y ------------

Command Line: --add-modules=javafx.controls --module-path=/Users/mselvakumar/.gradle/caches/modules-2/files-2.1/org.openjfx/javafx-controls/17/e73acf695ffccb4f904ff7b76de8999eefb547c2/javafx-controls-17-mac.jar:/Users/mselvakumar/.gradle/caches/modules-2/files-2.1/org.openjfx/javafx-graphics/17/8b1d1124ce83e874db390016913fba7708f3592d/javafx-graphics-17-mac.jar:/Users/mselvakumar/.gradle/caches/modules-2/files-2.1/org.openjfx/javafx-base/17/61d52392b063be78f7cc1b0fbfc04dda7a835a15/javafx-base-17-mac.jar -Dfile.encoding=UTF-8 -Duser.country=FR -Duser.language=fr -Duser.variant gui.App

Host: "MacBookPro14,2" x86_64 3100 MHz, 4 cores, 8G, Darwin 21.6.0, macOS 10.16 (21G115)
Time: Sun Oct  2 11:51:36 2022 CEST elapsed time: 0.549465 seconds (0d 0h 0m 0s)

---------------  T H R E A D  ---------------

Current thread (0x00007fde92865800):  JavaThread "InvokeLaterDispatcher" daemon [_thread_in_native, id=30731, stack(0x00007000046a1000,0x00007000047a1000)]

Stack: [0x00007000046a1000,0x00007000047a1000],  sp=0x00007000047a08f0,  free space=1022k
Native frames: (J=compiled Java code, j=interpreted, Vv=VM code, C=native code)
V  [libjvm.dylib+0x408d4c]  JavaFrameAnchor::make_walkable(JavaThread*)+0x1c
V  [libjvm.dylib+0x575200]  jni_DeleteGlobalRef+0xf0
C  [libglass.dylib+0x82e8]  -[GlassRunnable dealloc]+0x28
C  [Foundation+0x818be]  -[_NSThreadPerformInfo dealloc]+0x2a
C  [Foundation+0x4e446]  -[NSObject(NSThreadPerformAdditions) performSelectorOnMainThread:withObject:waitUntilDone:]+0x7c
j  com.sun.glass.ui.mac.MacApplication._submitForLaterInvocation(Ljava/lang/Runnable;)V+0 javafx.graphics
j  com.sun.glass.ui.mac.MacApplication.submitForLaterInvocation(Ljava/lang/Runnable;)V+2 javafx.graphics
j  com.sun.glass.ui.InvokeLaterDispatcher.run()V+82 javafx.graphics
v  ~StubRoutines::call_stub
V  [libjvm.dylib+0x51ad26]  JavaCalls::call_helper(JavaValue*, methodHandle const&, JavaCallArguments*, JavaThread*)+0x2b6
V  [libjvm.dylib+0x519d87]  JavaCalls::call_virtual(JavaValue*, Klass*, Symbol*, Symbol*, JavaCallArguments*, JavaThread*)+0x147
V  [libjvm.dylib+0x519e53]  JavaCalls::call_virtual(JavaValue*, Handle, Klass*, Symbol*, Symbol*, JavaThread*)+0x63
V  [libjvm.dylib+0x5c5b34]  thread_entry(JavaThread*, JavaThread*)+0xb4
V  [libjvm.dylib+0xaa1285]  JavaThread::thread_main_inner()+0x145
V  [libjvm.dylib+0xa9f63a]  Thread::call_run()+0x11a
V  [libjvm.dylib+0x8ac48b]  thread_native_entry(Thread*)+0x14b
C  [libsystem_pthread.dylib+0x64e1]  _pthread_start+0x7d
C  [libsystem_pthread.dylib+0x1f6b]  thread_start+0xf

Java frames: (J=compiled Java code, j=interpreted, Vv=VM code)
j  com.sun.glass.ui.mac.MacApplication._submitForLaterInvocation(Ljava/lang/Runnable;)V+0 javafx.graphics
j  com.sun.glass.ui.mac.MacApplication.submitForLaterInvocation(Ljava/lang/Runnable;)V+2 javafx.graphics
j  com.sun.glass.ui.InvokeLaterDispatcher.run()V+82 javafx.graphics
v  ~StubRoutines::call_stub

siginfo: si_signo: 11 (SIGSEGV), si_code: 1 (SEGV_MAPERR), si_addr: 0xfffffffffffffff8

Register to memory mapping:

RAX=0x0 is NULL
RBX=0x00007ff7b945d4a0 is pointing into the stack for thread: 0x00007fde92964c00
RCX=0x00007fde919e25e8 points into unknown readable memory: 0x0000000000000000 | 00 00 00 00 00 00 00 00
RDX=0x000000000000bfff is an unknown value
RSP=0x00007000047a08f0 is pointing into the stack for thread: 0x00007fde92865800
RBP=0x00007000047a08f0 is pointing into the stack for thread: 0x00007fde92865800
RSI=0x00007fde92964c00 is a thread
RDI=0x00007fde92964e88 points into unknown readable memory: 0x00007ff7b945d6f0 | f0 d6 45 b9 f7 7f 00 00
R8 =0x00000000000130a8 is an unknown value
R9 =0x0 is NULL
R10=0x0000000126325472: OBJC_CLASS_$_GlassRunnable+0x2 in /Users/mselvakumar/.openjfx/cache/17/libglass.dylib at 0x00000001262e4000
R11=0x00000001262ec2c0: -[GlassRunnable dealloc]+0 in /Users/mselvakumar/.openjfx/cache/17/libglass.dylib at 0x00000001262e4000
R12=0x00007fde92964c00 is a thread
R13=0x0000600000584ea0 points into unknown readable memory: 0x001d800126325471 | 71 54 32 26 01 80 1d 00
R14=0x00007fde911081f0 points into unknown readable memory: 0x0000000000000000 | 00 00 00 00 00 00 00 00
R15=0x00007fde92964ea8 points into unknown readable memory: 0x0000000108a27ea8 | a8 7e a2 08 01 00 00 00


Registers:
RAX=0x0000000000000000, RBX=0x00007ff7b945d4a0, RCX=0x00007fde919e25e8, RDX=0x000000000000bfff
RSP=0x00007000047a08f0, RBP=0x00007000047a08f0, RSI=0x00007fde92964c00, RDI=0x00007fde92964e88
R8 =0x00000000000130a8, R9 =0x0000000000000000, R10=0x0000000126325472, R11=0x00000001262ec2c0
R12=0x00007fde92964c00, R13=0x0000600000584ea0, R14=0x00007fde911081f0, R15=0x00007fde92964ea8
RIP=0x000000010810cd4c, EFLAGS=0x0000000000010246, ERR=0x0000000000000004
  TRAPNO=0x000000000000000e

Top of Stack: (sp=0x00007000047a08f0)
0x00007000047a08f0:   00007000047a0920 0000000108279200
0x00007000047a0900:   0000600000584ea0 00007ff82ce8613b
0x00007000047a0910:   00007ff812903000 0000000000000000
0x00007000047a0920:   00007000047a0950 00000001262ec2e8
0x00007000047a0930:   0000000100000001 0000000100000001
0x00007000047a0940:   0000000100000001 00006000012964c0
0x00007000047a0950:   00007000047a0990 00007ff8139b18be
0x00007000047a0960:   0000000700000007 0000000700000007
0x00007000047a0970:   0000000100000001 59512fce38bb00db
0x00007000047a0980:   0000600000584e10 00007ff812900400
0x00007000047a0990:   00007000047a09e0 00007ff81397e446
0x00007000047a09a0:   0000600000584e10 0000000100000001
0x00007000047a09b0:   0000000000000007 00000001268f0b08
0x00007000047a09c0:   0000000000000000 00000001268f0b08
0x00007000047a09d0:   00007000047a0a78 00007fde92865800
0x00007000047a09e0:   00007000047a0a50 000000011129053a
0x00007000047a09f0:   00007000047a0a50 00000001112902be
0x00007000047a0a00:   0000000111290276 00007000047a0a08
0x00007000047a0a10:   00000001268f0b08 00007000047a0a78
0x00007000047a0a20:   0000000126914f80 0000000000000000
0x00007000047a0a30:   00000007877e6a58 00000001268f0b08
0x00007000047a0a40:   0000000000000000 00007000047a0a70
0x00007000047a0a50:   00007000047a0ac8 000000011128c42b
0x00007000047a0a60:   0000000000000000 000000011128df78
0x00007000047a0a70:   000000078768b240 0000000787658848
0x00007000047a0a80:   00007000047a0a80 00000001268f0ba2
0x00007000047a0a90:   00007000047a0ae0 0000000126914f80
0x00007000047a0aa0:   0000000000000000 00000007877e6a58
0x00007000047a0ab0:   00000001268f0bb0 00007000047a0a70
0x00007000047a0ac0:   00007000047a0ad8 00007000047a0b30
0x00007000047a0ad0:   000000011128c88f 000000078768b240
0x00007000047a0ae0:   0000000787658848 00007000047a0ae8 

Instructions: (pc=0x000000010810cd4c)
0x000000010810cc4c:   66 41 89 07 eb 30 8b 00 41 89 07 eb 29 48 8b 00
0x000000010810cc5c:   49 89 07 eb 21 f7 c1 00 01 00 00 74 0a 48 8b 43
0x000000010810cc6c:   20 48 83 c0 10 eb 05 48 85 c0 74 05 48 8b 00 eb
0x000000010810cc7c:   02 31 c0 49 89 06 44 89 e0 5b 41 5c 41 5e 41 5f
0x000000010810cc8c:   5d c3 66 90 b2 ff ff ff b9 ff ff ff c2 ff ff ff
0x000000010810cc9c:   c9 ff ff ff b2 ff ff ff b9 ff ff ff c2 ff ff ff
0x000000010810ccac:   c9 ff ff ff d1 ff ff ff d1 ff ff ff f2 ff ff ff
0x000000010810ccbc:   0f 1f 40 00 55 48 89 e5 48 8b 47 20 48 8b 40 f0
0x000000010810cccc:   48 85 c0 74 09 48 63 ce 48 8d 04 c8 5d c3 48 8b
0x000000010810ccdc:   07 48 63 ce 48 8d 04 c8 5d c3 66 2e 0f 1f 84 00
0x000000010810ccec:   00 00 00 00 55 48 89 e5 48 8b 47 20 5d c3 66 0f
0x000000010810ccfc:   1f 44 00 00 55 48 89 e5 48 8b 47 10 48 85 c0 74
0x000000010810cd0c:   13 48 63 40 1c 48 85 c0 7e 0a 48 c1 e0 03 48 03
0x000000010810cd1c:   47 28 5d c3 48 8b 47 20 5d c3 66 2e 0f 1f 84 00
0x000000010810cd2c:   00 00 00 00 55 48 89 e5 48 83 3f 00 74 0d 48 83
0x000000010810cd3c:   3f 00 74 09 48 83 7f 08 00 74 02 5d c3 48 8b 07
0x000000010810cd4c:   48 8b 40 f8 48 89 47 08 5d c3 66 2e 0f 1f 84 00
0x000000010810cd5c:   00 00 00 00 80 3d d9 61 91 00 00 74 01 c3 55 48
0x000000010810cd6c:   89 e5 48 83 ec 10 c7 04 24 00 00 00 00 48 8d 3d
0x000000010810cd7c:   80 15 93 00 48 8d 35 f9 8e bf ff ba 2b 00 00 00
0x000000010810cd8c:   b9 95 00 00 00 45 31 c0 45 31 c9 e8 04 bd 33 00
0x000000010810cd9c:   48 c7 05 99 61 91 00 01 00 00 00 48 83 c4 10 5d
0x000000010810cdac:   c3 0f 1f 00 80 3d a9 57 91 00 00 74 01 c3 55 48
0x000000010810cdbc:   89 e5 48 83 ec 10 c7 04 24 00 00 00 00 48 8d 3d
0x000000010810cdcc:   20 57 91 00 48 8d 35 b9 8e bf ff ba 2b 00 00 00
0x000000010810cddc:   b9 90 00 00 00 45 31 c0 45 31 c9 e8 b4 bc 33 00
0x000000010810cdec:   48 c7 05 69 57 91 00 01 00 00 00 48 83 c4 10 5d
0x000000010810cdfc:   c3 90 90 90 55 48 89 e5 48 39 97 28 01 00 00 73
0x000000010810ce0c:   4e 48 b8 45 44 4f 4e 45 44 4f 4e 48 89 06 48 c7
0x000000010810ce1c:   46 20 00 00 00 00 48 c7 46 18 00 00 00 00 48 c7
0x000000010810ce2c:   46 10 00 00 00 00 48 c7 46 08 00 00 00 00 48 89
0x000000010810ce3c:   56 28 4c 8b 8f 10 01 00 00 4d 85 c9 74 50 49 8b 


Stack slot to memory mapping:
stack at sp + 0 slots: 0x00007000047a0920 is pointing into the stack for thread: 0x00007fde92865800
stack at sp + 1 slots: 0x0000000108279200: jni_DeleteGlobalRef+0xf0 in /Library/Java/JavaVirtualMachines/temurin-17.jdk/Contents/Home/lib/server/libjvm.dylib at 0x0000000107d04000
stack at sp + 2 slots: 0x0000600000584ea0 points into unknown readable memory: 0x001d800126325471 | 71 54 32 26 01 80 1d 00
stack at sp + 3 slots: 0x00007ff82ce8613b points into unknown readable memory: 72 75 6e 00 64
stack at sp + 4 slots: 0x00007ff812903000: objc_release+0 in /usr/lib/libobjc.A.dylib at 0x00007ff8128fa000
stack at sp + 5 slots: 0x0 is NULL
stack at sp + 6 slots: 0x00007000047a0950 is pointing into the stack for thread: 0x00007fde92865800
stack at sp + 7 slots: 0x00000001262ec2e8: -[GlassRunnable dealloc]+0x28 in /Users/mselvakumar/.openjfx/cache/17/libglass.dylib at 0x00000001262e4000


---------------  P R O C E S S  ---------------

Threads class SMR info:
_java_thread_list=0x00006000007a43e0, length=14, elements={
0x00007fde9200ba00, 0x00007fde9204f800, 0x00007fde92052000, 0x00007fde9204fe00,
0x00007fde91814e00, 0x00007fde91815400, 0x00007fde92054600, 0x00007fde92054c00,
0x00007fde92055200, 0x00007fde92050400, 0x00007fde9181a600, 0x00007fde90808200,
0x00007fde92865800, 0x00007fde92964c00
}

Java Threads: ( => current thread )
  0x00007fde9200ba00 JavaThread "main" [_thread_blocked, id=9987, stack(0x0000700003262000,0x0000700003362000)]
  0x00007fde9204f800 JavaThread "Reference Handler" daemon [_thread_blocked, id=16387, stack(0x0000700003977000,0x0000700003a77000)]
  0x00007fde92052000 JavaThread "Finalizer" daemon [_thread_blocked, id=16131, stack(0x0000700003a7a000,0x0000700003b7a000)]
  0x00007fde9204fe00 JavaThread "Signal Dispatcher" daemon [_thread_blocked, id=41987, stack(0x0000700003c83000,0x0000700003d83000)]
  0x00007fde91814e00 JavaThread "Service Thread" daemon [_thread_blocked, id=22787, stack(0x0000700003d86000,0x0000700003e86000)]
  0x00007fde91815400 JavaThread "Monitor Deflation Thread" daemon [_thread_blocked, id=23299, stack(0x0000700003e89000,0x0000700003f89000)]
  0x00007fde92054600 JavaThread "C2 CompilerThread0" daemon [_thread_blocked, id=23811, stack(0x0000700003f8c000,0x000070000408c000)]
  0x00007fde92054c00 JavaThread "C1 CompilerThread0" daemon [_thread_blocked, id=24323, stack(0x000070000408f000,0x000070000418f000)]
  0x00007fde92055200 JavaThread "Sweeper thread" daemon [_thread_blocked, id=24579, stack(0x0000700004192000,0x0000700004292000)]
  0x00007fde92050400 JavaThread "Common-Cleaner" daemon [_thread_blocked, id=25091, stack(0x0000700004295000,0x0000700004395000)]
  0x00007fde9181a600 JavaThread "Notification Thread" daemon [_thread_blocked, id=25603, stack(0x0000700004398000,0x0000700004498000)]
  0x00007fde90808200 JavaThread "QuantumRenderer-0" daemon [_thread_in_native, id=26371, stack(0x000070000459e000,0x000070000469e000)]
=>0x00007fde92865800 JavaThread "InvokeLaterDispatcher" daemon [_thread_in_native, id=30731, stack(0x00007000046a1000,0x00007000047a1000)]
  0x00007fde92964c00 JavaThread "JavaFX Application Thread" [_thread_blocked, id=259, stack(0x00007ff7b8c62000,0x00007ff7b9462000)]

Other Threads:
  0x00007fde91209d20 VMThread "VM Thread" [stack: 0x0000700003874000,0x0000700003974000] [id=14851]
  0x00007fde9100b610 WatcherThread [stack: 0x000070000449b000,0x000070000459b000] [id=41475]
  0x00007fde91207150 GCTaskThread "GC Thread#0" [stack: 0x0000700003365000,0x0000700003465000] [id=19715]
  0x00007fde912077f0 ConcurrentGCThread "G1 Main Marker" [stack: 0x0000700003468000,0x0000700003568000] [id=12547]
  0x00007fde91208070 ConcurrentGCThread "G1 Conc#0" [stack: 0x000070000356b000,0x000070000366b000] [id=13315]
  0x00007fde911053b0 ConcurrentGCThread "G1 Refine#0" [stack: 0x000070000366e000,0x000070000376e000] [id=18947]
  0x00007fde91105c40 ConcurrentGCThread "G1 Service" [stack: 0x0000700003771000,0x0000700003871000] [id=13827]

Threads with active compile tasks:

VM state: not at safepoint (normal execution)

VM Mutex/Monitor currently owned by a thread: None

Heap address: 0x0000000780000000, size: 2048 MB, Compressed Oops mode: Zero based, Oop shift amount: 3

CDS archive(s) mapped at: [0x0000000800000000-0x0000000800bd2000-0x0000000800bd2000), size 12394496, SharedBaseAddress: 0x0000000800000000, ArchiveRelocationMode: 0.
Compressed class space mapped at: 0x0000000800c00000-0x0000000840c00000, reserved size: 1073741824
Narrow klass base: 0x0000000800000000, Narrow klass shift: 0, Narrow klass range: 0x100000000

GC Precious Log:
 CPUs: 4 total, 4 available
 Memory: 8192M
 Large Page Support: Disabled
 NUMA Support: Disabled
 Compressed Oops: Enabled (Zero based)
 Heap Region Size: 1M
 Heap Min Capacity: 8M
 Heap Initial Capacity: 128M
 Heap Max Capacity: 2G
 Pre-touch: Disabled
 Parallel Workers: 4
 Concurrent Workers: 1
 Concurrent Refinement Workers: 4
 Periodic GC: Disabled

Heap:
 garbage-first heap   total 133120K, used 11220K [0x0000000780000000, 0x0000000800000000)
  region size 1024K, 12 young (12288K), 0 survivors (0K)
 Metaspace       used 3104K, committed 3264K, reserved 1056768K
  class space    used 330K, committed 384K, reserved 1048576K

Heap Regions: E=young(eden), S=young(survivor), O=old, HS=humongous(starts), HC=humongous(continues), CS=collection set, F=free, OA=open archive, CA=closed archive, TAMS=top-at-mark-start (previous, next)
|   0|0x0000000780000000, 0x0000000780000000, 0x0000000780100000|  0%| F|  |TAMS 0x0000000780000000, 0x0000000780000000| Untracked 
|   1|0x0000000780100000, 0x0000000780100000, 0x0000000780200000|  0%| F|  |TAMS 0x0000000780100000, 0x0000000780100000| Untracked 
|   2|0x0000000780200000, 0x0000000780200000, 0x0000000780300000|  0%| F|  |TAMS 0x0000000780200000, 0x0000000780200000| Untracked 
|   3|0x0000000780300000, 0x0000000780300000, 0x0000000780400000|  0%| F|  |TAMS 0x0000000780300000, 0x0000000780300000| Untracked 
|   4|0x0000000780400000, 0x0000000780400000, 0x0000000780500000|  0%| F|  |TAMS 0x0000000780400000, 0x0000000780400000| Untracked 
|   5|0x0000000780500000, 0x0000000780500000, 0x0000000780600000|  0%| F|  |TAMS 0x0000000780500000, 0x0000000780500000| Untracked 
|   6|0x0000000780600000, 0x0000000780600000, 0x0000000780700000|  0%| F|  |TAMS 0x0000000780600000, 0x0000000780600000| Untracked 
|   7|0x0000000780700000, 0x0000000780700000, 0x0000000780800000|  0%| F|  |TAMS 0x0000000780700000, 0x0000000780700000| Untracked 
|   8|0x0000000780800000, 0x0000000780800000, 0x0000000780900000|  0%| F|  |TAMS 0x0000000780800000, 0x0000000780800000| Untracked 
|   9|0x0000000780900000, 0x0000000780900000, 0x0000000780a00000|  0%| F|  |TAMS 0x0000000780900000, 0x0000000780900000| Untracked 
|  10|0x0000000780a00000, 0x0000000780a00000, 0x0000000780b00000|  0%| F|  |TAMS 0x0000000780a00000, 0x0000000780a00000| Untracked 
|  11|0x0000000780b00000, 0x0000000780b00000, 0x0000000780c00000|  0%| F|  |TAMS 0x0000000780b00000, 0x0000000780b00000| Untracked 
|  12|0x0000000780c00000, 0x0000000780c00000, 0x0000000780d00000|  0%| F|  |TAMS 0x0000000780c00000, 0x0000000780c00000| Untracked 
|  13|0x0000000780d00000, 0x0000000780d00000, 0x0000000780e00000|  0%| F|  |TAMS 0x0000000780d00000, 0x0000000780d00000| Untracked 
|  14|0x0000000780e00000, 0x0000000780e00000, 0x0000000780f00000|  0%| F|  |TAMS 0x0000000780e00000, 0x0000000780e00000| Untracked 
|  15|0x0000000780f00000, 0x0000000780f00000, 0x0000000781000000|  0%| F|  |TAMS 0x0000000780f00000, 0x0000000780f00000| Untracked 
|  16|0x0000000781000000, 0x0000000781000000, 0x0000000781100000|  0%| F|  |TAMS 0x0000000781000000, 0x0000000781000000| Untracked 
|  17|0x0000000781100000, 0x0000000781100000, 0x0000000781200000|  0%| F|  |TAMS 0x0000000781100000, 0x0000000781100000| Untracked 
|  18|0x0000000781200000, 0x0000000781200000, 0x0000000781300000|  0%| F|  |TAMS 0x0000000781200000, 0x0000000781200000| Untracked 
|  19|0x0000000781300000, 0x0000000781300000, 0x0000000781400000|  0%| F|  |TAMS 0x0000000781300000, 0x0000000781300000| Untracked 
|  20|0x0000000781400000, 0x0000000781400000, 0x0000000781500000|  0%| F|  |TAMS 0x0000000781400000, 0x0000000781400000| Untracked 
|  21|0x0000000781500000, 0x0000000781500000, 0x0000000781600000|  0%| F|  |TAMS 0x0000000781500000, 0x0000000781500000| Untracked 
|  22|0x0000000781600000, 0x0000000781600000, 0x0000000781700000|  0%| F|  |TAMS 0x0000000781600000, 0x0000000781600000| Untracked 
|  23|0x0000000781700000, 0x0000000781700000, 0x0000000781800000|  0%| F|  |TAMS 0x0000000781700000, 0x0000000781700000| Untracked 
|  24|0x0000000781800000, 0x0000000781800000, 0x0000000781900000|  0%| F|  |TAMS 0x0000000781800000, 0x0000000781800000| Untracked 
|  25|0x0000000781900000, 0x0000000781900000, 0x0000000781a00000|  0%| F|  |TAMS 0x0000000781900000, 0x0000000781900000| Untracked 
|  26|0x0000000781a00000, 0x0000000781a00000, 0x0000000781b00000|  0%| F|  |TAMS 0x0000000781a00000, 0x0000000781a00000| Untracked 
|  27|0x0000000781b00000, 0x0000000781b00000, 0x0000000781c00000|  0%| F|  |TAMS 0x0000000781b00000, 0x0000000781b00000| Untracked 
|  28|0x0000000781c00000, 0x0000000781c00000, 0x0000000781d00000|  0%| F|  |TAMS 0x0000000781c00000, 0x0000000781c00000| Untracked 
|  29|0x0000000781d00000, 0x0000000781d00000, 0x0000000781e00000|  0%| F|  |TAMS 0x0000000781d00000, 0x0000000781d00000| Untracked 
|  30|0x0000000781e00000, 0x0000000781e00000, 0x0000000781f00000|  0%| F|  |TAMS 0x0000000781e00000, 0x0000000781e00000| Untracked 
|  31|0x0000000781f00000, 0x0000000781f00000, 0x0000000782000000|  0%| F|  |TAMS 0x0000000781f00000, 0x0000000781f00000| Untracked 
|  32|0x0000000782000000, 0x0000000782000000, 0x0000000782100000|  0%| F|  |TAMS 0x0000000782000000, 0x0000000782000000| Untracked 
|  33|0x0000000782100000, 0x0000000782100000, 0x0000000782200000|  0%| F|  |TAMS 0x0000000782100000, 0x0000000782100000| Untracked 
|  34|0x0000000782200000, 0x0000000782200000, 0x0000000782300000|  0%| F|  |TAMS 0x0000000782200000, 0x0000000782200000| Untracked 
|  35|0x0000000782300000, 0x0000000782300000, 0x0000000782400000|  0%| F|  |TAMS 0x0000000782300000, 0x0000000782300000| Untracked 
|  36|0x0000000782400000, 0x0000000782400000, 0x0000000782500000|  0%| F|  |TAMS 0x0000000782400000, 0x0000000782400000| Untracked 
|  37|0x0000000782500000, 0x0000000782500000, 0x0000000782600000|  0%| F|  |TAMS 0x0000000782500000, 0x0000000782500000| Untracked 
|  38|0x0000000782600000, 0x0000000782600000, 0x0000000782700000|  0%| F|  |TAMS 0x0000000782600000, 0x0000000782600000| Untracked 
|  39|0x0000000782700000, 0x0000000782700000, 0x0000000782800000|  0%| F|  |TAMS 0x0000000782700000, 0x0000000782700000| Untracked 
|  40|0x0000000782800000, 0x0000000782800000, 0x0000000782900000|  0%| F|  |TAMS 0x0000000782800000, 0x0000000782800000| Untracked 
|  41|0x0000000782900000, 0x0000000782900000, 0x0000000782a00000|  0%| F|  |TAMS 0x0000000782900000, 0x0000000782900000| Untracked 
|  42|0x0000000782a00000, 0x0000000782a00000, 0x0000000782b00000|  0%| F|  |TAMS 0x0000000782a00000, 0x0000000782a00000| Untracked 
|  43|0x0000000782b00000, 0x0000000782b00000, 0x0000000782c00000|  0%| F|  |TAMS 0x0000000782b00000, 0x0000000782b00000| Untracked 
|  44|0x0000000782c00000, 0x0000000782c00000, 0x0000000782d00000|  0%| F|  |TAMS 0x0000000782c00000, 0x0000000782c00000| Untracked 
|  45|0x0000000782d00000, 0x0000000782d00000, 0x0000000782e00000|  0%| F|  |TAMS 0x0000000782d00000, 0x0000000782d00000| Untracked 
|  46|0x0000000782e00000, 0x0000000782e00000, 0x0000000782f00000|  0%| F|  |TAMS 0x0000000782e00000, 0x0000000782e00000| Untracked 
|  47|0x0000000782f00000, 0x0000000782f00000, 0x0000000783000000|  0%| F|  |TAMS 0x0000000782f00000, 0x0000000782f00000| Untracked 
|  48|0x0000000783000000, 0x0000000783000000, 0x0000000783100000|  0%| F|  |TAMS 0x0000000783000000, 0x0000000783000000| Untracked 
|  49|0x0000000783100000, 0x0000000783100000, 0x0000000783200000|  0%| F|  |TAMS 0x0000000783100000, 0x0000000783100000| Untracked 
|  50|0x0000000783200000, 0x0000000783200000, 0x0000000783300000|  0%| F|  |TAMS 0x0000000783200000, 0x0000000783200000| Untracked 
|  51|0x0000000783300000, 0x0000000783300000, 0x0000000783400000|  0%| F|  |TAMS 0x0000000783300000, 0x0000000783300000| Untracked 
|  52|0x0000000783400000, 0x0000000783400000, 0x0000000783500000|  0%| F|  |TAMS 0x0000000783400000, 0x0000000783400000| Untracked 
|  53|0x0000000783500000, 0x0000000783500000, 0x0000000783600000|  0%| F|  |TAMS 0x0000000783500000, 0x0000000783500000| Untracked 
|  54|0x0000000783600000, 0x0000000783600000, 0x0000000783700000|  0%| F|  |TAMS 0x0000000783600000, 0x0000000783600000| Untracked 
|  55|0x0000000783700000, 0x0000000783700000, 0x0000000783800000|  0%| F|  |TAMS 0x0000000783700000, 0x0000000783700000| Untracked 
|  56|0x0000000783800000, 0x0000000783800000, 0x0000000783900000|  0%| F|  |TAMS 0x0000000783800000, 0x0000000783800000| Untracked 
|  57|0x0000000783900000, 0x0000000783900000, 0x0000000783a00000|  0%| F|  |TAMS 0x0000000783900000, 0x0000000783900000| Untracked 
|  58|0x0000000783a00000, 0x0000000783a00000, 0x0000000783b00000|  0%| F|  |TAMS 0x0000000783a00000, 0x0000000783a00000| Untracked 
|  59|0x0000000783b00000, 0x0000000783b00000, 0x0000000783c00000|  0%| F|  |TAMS 0x0000000783b00000, 0x0000000783b00000| Untracked 
|  60|0x0000000783c00000, 0x0000000783c00000, 0x0000000783d00000|  0%| F|  |TAMS 0x0000000783c00000, 0x0000000783c00000| Untracked 
|  61|0x0000000783d00000, 0x0000000783d00000, 0x0000000783e00000|  0%| F|  |TAMS 0x0000000783d00000, 0x0000000783d00000| Untracked 
|  62|0x0000000783e00000, 0x0000000783e00000, 0x0000000783f00000|  0%| F|  |TAMS 0x0000000783e00000, 0x0000000783e00000| Untracked 
|  63|0x0000000783f00000, 0x0000000783f00000, 0x0000000784000000|  0%| F|  |TAMS 0x0000000783f00000, 0x0000000783f00000| Untracked 
|  64|0x0000000784000000, 0x0000000784000000, 0x0000000784100000|  0%| F|  |TAMS 0x0000000784000000, 0x0000000784000000| Untracked 
|  65|0x0000000784100000, 0x0000000784100000, 0x0000000784200000|  0%| F|  |TAMS 0x0000000784100000, 0x0000000784100000| Untracked 
|  66|0x0000000784200000, 0x0000000784200000, 0x0000000784300000|  0%| F|  |TAMS 0x0000000784200000, 0x0000000784200000| Untracked 
|  67|0x0000000784300000, 0x0000000784300000, 0x0000000784400000|  0%| F|  |TAMS 0x0000000784300000, 0x0000000784300000| Untracked 
|  68|0x0000000784400000, 0x0000000784400000, 0x0000000784500000|  0%| F|  |TAMS 0x0000000784400000, 0x0000000784400000| Untracked 
|  69|0x0000000784500000, 0x0000000784500000, 0x0000000784600000|  0%| F|  |TAMS 0x0000000784500000, 0x0000000784500000| Untracked 
|  70|0x0000000784600000, 0x0000000784600000, 0x0000000784700000|  0%| F|  |TAMS 0x0000000784600000, 0x0000000784600000| Untracked 
|  71|0x0000000784700000, 0x0000000784700000, 0x0000000784800000|  0%| F|  |TAMS 0x0000000784700000, 0x0000000784700000| Untracked 
|  72|0x0000000784800000, 0x0000000784800000, 0x0000000784900000|  0%| F|  |TAMS 0x0000000784800000, 0x0000000784800000| Untracked 
|  73|0x0000000784900000, 0x0000000784900000, 0x0000000784a00000|  0%| F|  |TAMS 0x0000000784900000, 0x0000000784900000| Untracked 
|  74|0x0000000784a00000, 0x0000000784a00000, 0x0000000784b00000|  0%| F|  |TAMS 0x0000000784a00000, 0x0000000784a00000| Untracked 
|  75|0x0000000784b00000, 0x0000000784b00000, 0x0000000784c00000|  0%| F|  |TAMS 0x0000000784b00000, 0x0000000784b00000| Untracked 
|  76|0x0000000784c00000, 0x0000000784c00000, 0x0000000784d00000|  0%| F|  |TAMS 0x0000000784c00000, 0x0000000784c00000| Untracked 
|  77|0x0000000784d00000, 0x0000000784d00000, 0x0000000784e00000|  0%| F|  |TAMS 0x0000000784d00000, 0x0000000784d00000| Untracked 
|  78|0x0000000784e00000, 0x0000000784e00000, 0x0000000784f00000|  0%| F|  |TAMS 0x0000000784e00000, 0x0000000784e00000| Untracked 
|  79|0x0000000784f00000, 0x0000000784f00000, 0x0000000785000000|  0%| F|  |TAMS 0x0000000784f00000, 0x0000000784f00000| Untracked 
|  80|0x0000000785000000, 0x0000000785000000, 0x0000000785100000|  0%| F|  |TAMS 0x0000000785000000, 0x0000000785000000| Untracked 
|  81|0x0000000785100000, 0x0000000785100000, 0x0000000785200000|  0%| F|  |TAMS 0x0000000785100000, 0x0000000785100000| Untracked 
|  82|0x0000000785200000, 0x0000000785200000, 0x0000000785300000|  0%| F|  |TAMS 0x0000000785200000, 0x0000000785200000| Untracked 
|  83|0x0000000785300000, 0x0000000785300000, 0x0000000785400000|  0%| F|  |TAMS 0x0000000785300000, 0x0000000785300000| Untracked 
|  84|0x0000000785400000, 0x0000000785400000, 0x0000000785500000|  0%| F|  |TAMS 0x0000000785400000, 0x0000000785400000| Untracked 
|  85|0x0000000785500000, 0x0000000785500000, 0x0000000785600000|  0%| F|  |TAMS 0x0000000785500000, 0x0000000785500000| Untracked 
|  86|0x0000000785600000, 0x0000000785600000, 0x0000000785700000|  0%| F|  |TAMS 0x0000000785600000, 0x0000000785600000| Untracked 
|  87|0x0000000785700000, 0x0000000785700000, 0x0000000785800000|  0%| F|  |TAMS 0x0000000785700000, 0x0000000785700000| Untracked 
|  88|0x0000000785800000, 0x0000000785800000, 0x0000000785900000|  0%| F|  |TAMS 0x0000000785800000, 0x0000000785800000| Untracked 
|  89|0x0000000785900000, 0x0000000785900000, 0x0000000785a00000|  0%| F|  |TAMS 0x0000000785900000, 0x0000000785900000| Untracked 
|  90|0x0000000785a00000, 0x0000000785a00000, 0x0000000785b00000|  0%| F|  |TAMS 0x0000000785a00000, 0x0000000785a00000| Untracked 
|  91|0x0000000785b00000, 0x0000000785b00000, 0x0000000785c00000|  0%| F|  |TAMS 0x0000000785b00000, 0x0000000785b00000| Untracked 
|  92|0x0000000785c00000, 0x0000000785c00000, 0x0000000785d00000|  0%| F|  |TAMS 0x0000000785c00000, 0x0000000785c00000| Untracked 
|  93|0x0000000785d00000, 0x0000000785d00000, 0x0000000785e00000|  0%| F|  |TAMS 0x0000000785d00000, 0x0000000785d00000| Untracked 
|  94|0x0000000785e00000, 0x0000000785e00000, 0x0000000785f00000|  0%| F|  |TAMS 0x0000000785e00000, 0x0000000785e00000| Untracked 
|  95|0x0000000785f00000, 0x0000000785f00000, 0x0000000786000000|  0%| F|  |TAMS 0x0000000785f00000, 0x0000000785f00000| Untracked 
|  96|0x0000000786000000, 0x0000000786000000, 0x0000000786100000|  0%| F|  |TAMS 0x0000000786000000, 0x0000000786000000| Untracked 
|  97|0x0000000786100000, 0x0000000786100000, 0x0000000786200000|  0%| F|  |TAMS 0x0000000786100000, 0x0000000786100000| Untracked 
|  98|0x0000000786200000, 0x0000000786200000, 0x0000000786300000|  0%| F|  |TAMS 0x0000000786200000, 0x0000000786200000| Untracked 
|  99|0x0000000786300000, 0x0000000786300000, 0x0000000786400000|  0%| F|  |TAMS 0x0000000786300000, 0x0000000786300000| Untracked 
| 100|0x0000000786400000, 0x0000000786400000, 0x0000000786500000|  0%| F|  |TAMS 0x0000000786400000, 0x0000000786400000| Untracked 
| 101|0x0000000786500000, 0x0000000786500000, 0x0000000786600000|  0%| F|  |TAMS 0x0000000786500000, 0x0000000786500000| Untracked 
| 102|0x0000000786600000, 0x0000000786600000, 0x0000000786700000|  0%| F|  |TAMS 0x0000000786600000, 0x0000000786600000| Untracked 
| 103|0x0000000786700000, 0x0000000786700000, 0x0000000786800000|  0%| F|  |TAMS 0x0000000786700000, 0x0000000786700000| Untracked 
| 104|0x0000000786800000, 0x0000000786800000, 0x0000000786900000|  0%| F|  |TAMS 0x0000000786800000, 0x0000000786800000| Untracked 
| 105|0x0000000786900000, 0x0000000786900000, 0x0000000786a00000|  0%| F|  |TAMS 0x0000000786900000, 0x0000000786900000| Untracked 
| 106|0x0000000786a00000, 0x0000000786a00000, 0x0000000786b00000|  0%| F|  |TAMS 0x0000000786a00000, 0x0000000786a00000| Untracked 
| 107|0x0000000786b00000, 0x0000000786b00000, 0x0000000786c00000|  0%| F|  |TAMS 0x0000000786b00000, 0x0000000786b00000| Untracked 
| 108|0x0000000786c00000, 0x0000000786c00000, 0x0000000786d00000|  0%| F|  |TAMS 0x0000000786c00000, 0x0000000786c00000| Untracked 
| 109|0x0000000786d00000, 0x0000000786d00000, 0x0000000786e00000|  0%| F|  |TAMS 0x0000000786d00000, 0x0000000786d00000| Untracked 
| 110|0x0000000786e00000, 0x0000000786e00000, 0x0000000786f00000|  0%| F|  |TAMS 0x0000000786e00000, 0x0000000786e00000| Untracked 
| 111|0x0000000786f00000, 0x0000000786f00000, 0x0000000787000000|  0%| F|  |TAMS 0x0000000786f00000, 0x0000000786f00000| Untracked 
| 112|0x0000000787000000, 0x0000000787000000, 0x0000000787100000|  0%| F|  |TAMS 0x0000000787000000, 0x0000000787000000| Untracked 
| 113|0x0000000787100000, 0x0000000787100000, 0x0000000787200000|  0%| F|  |TAMS 0x0000000787100000, 0x0000000787100000| Untracked 
| 114|0x0000000787200000, 0x0000000787200000, 0x0000000787300000|  0%| F|  |TAMS 0x0000000787200000, 0x0000000787200000| Untracked 
| 115|0x0000000787300000, 0x0000000787300000, 0x0000000787400000|  0%| F|  |TAMS 0x0000000787300000, 0x0000000787300000| Untracked 
| 116|0x0000000787400000, 0x00000007874f95c0, 0x0000000787500000| 97%| E|  |TAMS 0x0000000787400000, 0x0000000787400000| Complete 
| 117|0x0000000787500000, 0x0000000787600000, 0x0000000787600000|100%| E|CS|TAMS 0x0000000787500000, 0x0000000787500000| Complete 
| 118|0x0000000787600000, 0x0000000787700000, 0x0000000787700000|100%| E|CS|TAMS 0x0000000787600000, 0x0000000787600000| Complete 
| 119|0x0000000787700000, 0x0000000787800000, 0x0000000787800000|100%| E|CS|TAMS 0x0000000787700000, 0x0000000787700000| Complete 
| 120|0x0000000787800000, 0x0000000787900000, 0x0000000787900000|100%| E|CS|TAMS 0x0000000787800000, 0x0000000787800000| Complete 
| 121|0x0000000787900000, 0x0000000787a00000, 0x0000000787a00000|100%| E|CS|TAMS 0x0000000787900000, 0x0000000787900000| Complete 
| 122|0x0000000787a00000, 0x0000000787b00000, 0x0000000787b00000|100%| E|CS|TAMS 0x0000000787a00000, 0x0000000787a00000| Complete 
| 123|0x0000000787b00000, 0x0000000787c00000, 0x0000000787c00000|100%| E|CS|TAMS 0x0000000787b00000, 0x0000000787b00000| Complete 
| 124|0x0000000787c00000, 0x0000000787d00000, 0x0000000787d00000|100%| E|  |TAMS 0x0000000787c00000, 0x0000000787c00000| Complete 
| 125|0x0000000787d00000, 0x0000000787e00000, 0x0000000787e00000|100%| E|CS|TAMS 0x0000000787d00000, 0x0000000787d00000| Complete 
| 126|0x0000000787e00000, 0x0000000787f00000, 0x0000000787f00000|100%| E|CS|TAMS 0x0000000787e00000, 0x0000000787e00000| Complete 
| 127|0x0000000787f00000, 0x0000000788000000, 0x0000000788000000|100%| E|CS|TAMS 0x0000000787f00000, 0x0000000787f00000| Complete 
|2046|0x00000007ffe00000, 0x00000007ffe76000, 0x00000007fff00000| 46%|OA|  |TAMS 0x00000007ffe00000, 0x00000007ffe00000| Untracked 
|2047|0x00000007fff00000, 0x00000007fff7f000, 0x0000000800000000| 49%|CA|  |TAMS 0x00000007fff00000, 0x00000007fff00000| Untracked 

Card table byte_map: [0x000000010725d000,0x000000010765d000] _byte_map_base: 0x000000010365d000

Marking Bits (Prev, Next): (CMBitMap*) 0x00007fde9202dc10, (CMBitMap*) 0x00007fde9202dc50
 Prev Bits: [0x0000000120283000, 0x0000000122283000)
 Next Bits: [0x0000000122283000, 0x0000000124283000)

Polling page: 0x0000000106bd9000

Metaspace:

Usage:
  Non-class:      2.79 MB used.
      Class:    341.61 KB used.
       Both:      3.12 MB used.

Virtual space:
  Non-class space:        8.00 MB reserved,       2.88 MB ( 36%) committed,  1 nodes.
      Class space:        1.00 GB reserved,     384.00 KB ( <1%) committed,  1 nodes.
             Both:        1.01 GB reserved,       3.25 MB ( <1%) committed. 

Chunk freelists:
   Non-Class:  2.48 MB
       Class:  3.52 MB
        Both:  6.00 MB

MaxMetaspaceSize: unlimited
CompressedClassSpaceSize: 1.00 GB
Initial GC threshold: 21.00 MB
Current GC threshold: 21.00 MB
CDS: on
MetaspaceReclaimPolicy: balanced
 - commit_granule_bytes: 65536.
 - commit_granule_words: 8192.
 - virtual_space_node_default_size: 1048576.
 - enlarge_chunks_in_place: 1.
 - new_chunks_are_fully_committed: 0.
 - uncommit_free_chunks: 1.
 - use_allocation_guard: 0.
 - handle_deallocations: 1.


Internal statistics:

num_allocs_failed_limit: 0.
num_arena_births: 70.
num_arena_deaths: 0.
num_vsnodes_births: 2.
num_vsnodes_deaths: 0.
num_space_committed: 52.
num_space_uncommitted: 0.
num_chunks_returned_to_freelist: 0.
num_chunks_taken_from_freelist: 165.
num_chunk_merges: 0.
num_chunk_splits: 104.
num_chunks_enlarged: 68.
num_purges: 0.
num_inconsistent_stats: 0.

CodeHeap 'non-profiled nmethods': size=120032Kb used=209Kb max_used=209Kb free=119822Kb
 bounds [0x0000000118d4b000, 0x0000000118fbb000, 0x0000000120283000]
CodeHeap 'profiled nmethods': size=120028Kb used=1015Kb max_used=1015Kb free=119013Kb
 bounds [0x0000000111814000, 0x0000000111a84000, 0x0000000118d4b000]
CodeHeap 'non-nmethods': size=5700Kb used=1192Kb max_used=1192Kb free=4507Kb
 bounds [0x0000000111283000, 0x00000001114f3000, 0x0000000111814000]
 total_blobs=1166 nmethods=669 adapters=411
 compilation: enabled
              stopped_count=0, restarted_count=0
 full_count=0

Compilation events (20 events):
Event: 0.339 Thread 0x00007fde92054c00  641       3       jdk.internal.org.objectweb.asm.MethodWriter::visitMethodInsn (191 bytes)
Event: 0.340 Thread 0x00007fde92054c00 nmethod 641 0x0000000111900010 code [0x0000000111900240, 0x00000001119009e0]
Event: 0.340 Thread 0x00007fde92054c00  642       3       jdk.internal.org.objectweb.asm.SymbolTable::addConstantMethodref (24 bytes)
Event: 0.340 Thread 0x00007fde92054c00 nmethod 642 0x0000000111900d10 code [0x0000000111900ec0, 0x0000000111901060]
Event: 0.340 Thread 0x00007fde92054c00  643       3       java.lang.String::concat (15 bytes)
Event: 0.341 Thread 0x00007fde92054c00 nmethod 643 0x0000000111901110 code [0x0000000111901440, 0x00000001119028b0]
Event: 0.341 Thread 0x00007fde92054c00  645       3       java.lang.invoke.MemberName::checkForTypeAlias (172 bytes)
Event: 0.342 Thread 0x00007fde92054c00 nmethod 645 0x0000000111903010 code [0x0000000111903480, 0x0000000111905310]
Event: 0.342 Thread 0x00007fde92054c00  644       3       java.lang.invoke.MethodHandles$Lookup::isClassAccessible (53 bytes)
Event: 0.343 Thread 0x00007fde92054c00 nmethod 644 0x0000000111905b90 code [0x0000000111905da0, 0x0000000111906370]
Event: 0.343 Thread 0x00007fde92054c00  646       3       jdk.internal.org.objectweb.asm.ByteVector::enlarge (51 bytes)
Event: 0.343 Thread 0x00007fde92054c00 nmethod 646 0x0000000111906590 code [0x0000000111906740, 0x0000000111906a60]
Event: 0.406 Thread 0x00007fde92054c00  649       3       jdk.internal.org.objectweb.asm.SymbolTable$Entry::<init> (18 bytes)
Event: 0.406 Thread 0x00007fde92054c00 nmethod 649 0x0000000111906b90 code [0x0000000111906d40, 0x0000000111906ec0]
Event: 0.406 Thread 0x00007fde92054c00  647       3       java.lang.invoke.MemberName::getType (19 bytes)
Event: 0.406 Thread 0x00007fde92054c00 nmethod 647 0x0000000111906f90 code [0x0000000111907180, 0x0000000111907530]
Event: 0.407 Thread 0x00007fde92054c00  648       1       java.lang.invoke.InfoFromMemberName::getReferenceKind (5 bytes)
Event: 0.407 Thread 0x00007fde92054c00 nmethod 648 0x0000000118d7e690 code [0x0000000118d7e820, 0x0000000118d7e8f0]
Event: 0.529 Thread 0x00007fde92054c00  650       3       java.lang.invoke.MethodHandles$Lookup::<init> (84 bytes)
Event: 0.530 Thread 0x00007fde92054c00 nmethod 650 0x0000000111907690 code [0x0000000111907840, 0x0000000111907a90]

GC Heap History (0 events):
No events

Deoptimization events (18 events):
Event: 0.107 Thread 0x00007fde9200ba00 Uncommon trap: trap_request=0xffffff45 fr.pc=0x0000000118d58208 relative=0x00000000000004c8
Event: 0.107 Thread 0x00007fde9200ba00 Uncommon trap: reason=unstable_if action=reinterpret pc=0x0000000118d58208 method=java.lang.StringLatin1.replace([BCC)Ljava/lang/String; @ 19 c2
Event: 0.107 Thread 0x00007fde9200ba00 DEOPT PACKING pc=0x0000000118d58208 sp=0x0000700003360b10
Event: 0.107 Thread 0x00007fde9200ba00 DEOPT UNPACKING pc=0x00000001112d5099 sp=0x0000700003360ab0 mode 2
Event: 0.137 Thread 0x00007fde9200ba00 Uncommon trap: trap_request=0xfffffff4 fr.pc=0x0000000118d5fbd0 relative=0x00000000000001b0
Event: 0.137 Thread 0x00007fde9200ba00 Uncommon trap: reason=null_check action=make_not_entrant pc=0x0000000118d5fbd0 method=java.lang.String.equals(Ljava/lang/Object;)Z @ 8 c2
Event: 0.137 Thread 0x00007fde9200ba00 DEOPT PACKING pc=0x0000000118d5fbd0 sp=0x00007000033618c0
Event: 0.137 Thread 0x00007fde9200ba00 DEOPT UNPACKING pc=0x00000001112d5099 sp=0x0000700003361888 mode 2
Event: 0.175 Thread 0x00007fde9200ba00 DEOPT PACKING pc=0x000000011184c0cb sp=0x000070000335ce70
Event: 0.175 Thread 0x00007fde9200ba00 DEOPT UNPACKING pc=0x00000001112d582f sp=0x000070000335c2f0 mode 0
Event: 0.225 Thread 0x00007fde90808200 Uncommon trap: trap_request=0xffffff45 fr.pc=0x0000000118d5ade8 relative=0x00000000000007a8
Event: 0.225 Thread 0x00007fde90808200 Uncommon trap: reason=unstable_if action=reinterpret pc=0x0000000118d5ade8 method=java.lang.String.isEmpty()Z @ 5 c2
Event: 0.225 Thread 0x00007fde90808200 DEOPT PACKING pc=0x0000000118d5ade8 sp=0x000070000469cd90
Event: 0.225 Thread 0x00007fde90808200 DEOPT UNPACKING pc=0x00000001112d5099 sp=0x000070000469ccf0 mode 2
Event: 0.545 Thread 0x00007fde92964c00 Uncommon trap: trap_request=0xffffff45 fr.pc=0x0000000118d7b350 relative=0x0000000000000190
Event: 0.545 Thread 0x00007fde92964c00 Uncommon trap: reason=unstable_if action=reinterpret pc=0x0000000118d7b350 method=java.lang.invoke.VarHandle.checkExactAccessMode(Ljava/lang/invoke/VarHandle$AccessDescriptor;)V @ 4 c2
Event: 0.545 Thread 0x00007fde92964c00 DEOPT PACKING pc=0x0000000118d7b350 sp=0x00007ff7b945d940
Event: 0.545 Thread 0x00007fde92964c00 DEOPT UNPACKING pc=0x00000001112d5099 sp=0x00007ff7b945d8a0 mode 2

Classes unloaded (0 events):
No events

Classes redefined (0 events):
No events

Internal exceptions (6 events):
Event: 0.137 Thread 0x00007fde9200ba00 Implicit null exception at 0x0000000118d5fa55 to 0x0000000118d5fbc0
Event: 0.138 Thread 0x00007fde9200ba00 Exception <a 'java/lang/NoSuchMethodError'{0x0000000787cd49e0}: 'java.lang.Object java.lang.invoke.DirectMethodHandle$Holder.invokeStaticInit(java.lang.Object)'> (0x0000000787cd49e0) 
thrown [src/hotspot/share/interpreter/linkResolver.cpp, line 766]
Event: 0.140 Thread 0x00007fde9200ba00 Exception <a 'java/lang/NoSuchMethodError'{0x0000000787cdc100}: 'void java.lang.invoke.DirectMethodHandle$Holder.invokeStatic(java.lang.Object, java.lang.Object)'> (0x0000000787cdc100) 
thrown [src/hotspot/share/interpreter/linkResolver.cpp, line 766]
Event: 0.195 Thread 0x00007fde9200ba00 Exception <a 'java/lang/NoSuchMethodError'{0x00000007879be138}: 'void java.lang.invoke.DirectMethodHandle$Holder.invokeSpecial(java.lang.Object, java.lang.Object, java.lang.Object)'> (0x00000007879be138) 
thrown [src/hotspot/share/interpreter/linkResolver.cpp, line 766]
Event: 0.205 Thread 0x00007fde9200ba00 Exception <a 'java/lang/NoSuchMethodError'{0x00000007879fb7d8}: 'void java.lang.invoke.DirectMethodHandle$Holder.invokeStatic(java.lang.Object, java.lang.Object, java.lang.Object)'> (0x00000007879fb7d8) 
thrown [src/hotspot/share/interpreter/linkResolver.cpp, line 766]
Event: 0.308 Thread 0x00007fde9200ba00 Exception <a 'java/lang/NoSuchMethodError'{0x0000000787818ba8}: 'int java.lang.invoke.DirectMethodHandle$Holder.invokeStaticInit(java.lang.Object, java.lang.Object, java.lang.Object)'> (0x0000000787818ba8) 
thrown [src/hotspot/share/interpreter/linkResolver.cpp, line 766]

VM Operations (4 events):
Event: 0.113 Executing VM operation: HandshakeAllThreads
Event: 0.113 Executing VM operation: HandshakeAllThreads done
Event: 0.113 Executing VM operation: HandshakeAllThreads
Event: 0.113 Executing VM operation: HandshakeAllThreads done

Events (20 events):
Event: 0.307 loading class java/util/concurrent/ForkJoinPool$ManagedBlocker done
Event: 0.307 loading class java/util/concurrent/locks/AbstractQueuedSynchronizer$ConditionNode done
Event: 0.318 Loading shared library /Users/mselvakumar/.gradle/caches/modules-2/files-2.1/org.openjfx/javafx-graphics/17/8b1d1124ce83e874db390016913fba7708f3592d/libglass.dylib failed, dlopen(/Users/mselvakumar/.gradle/caches/modules-2/files-2.1/org.openjfx/javafx-gra
Event: 0.338 Loaded shared library /Users/mselvakumar/.openjfx/cache/17/libglass.dylib
Event: 0.340 loading class java/util/concurrent/BlockingDeque
Event: 0.340 loading class java/util/concurrent/BlockingDeque done
Event: 0.340 loading class java/util/concurrent/LinkedBlockingDeque
Event: 0.340 loading class java/util/concurrent/LinkedBlockingDeque done
Event: 0.340 Thread 0x00007fde92865800 Thread added: 0x00007fde92865800
Event: 0.340 Protecting memory [0x00007000046a1000,0x00007000046a5000] with protection modes 0
Event: 0.342 Protecting memory [0x00007ff7b8c62000,0x00007ff7b8c66000] with protection modes 0
Event: 0.342 Thread 0x00007fde92964c00 Thread added: 0x00007fde92964c00
Event: 0.407 Thread 0x00007fde91a08000 Thread added: 0x00007fde91a08000
Event: 0.409 Protecting memory [0x00007000047a4000,0x00007000047a8000] with protection modes 0
Event: 0.530 loading class java/util/concurrent/LinkedBlockingDeque$Node
Event: 0.530 loading class java/util/concurrent/LinkedBlockingDeque$Node done
Event: 0.530 Protecting memory [0x00007000047a4000,0x00007000047a8000] with protection modes 3
Event: 0.530 Thread 0x00007fde91a08000 Thread exited: 0x00007fde91a08000
Event: 0.546 loading class java/util/concurrent/FutureTask
Event: 0.546 loading class java/util/concurrent/FutureTask done


Dynamic libraries:
0x0000000106bbb000 	/Library/Java/JavaVirtualMachines/temurin-17.jdk/Contents/Home/lib/libjli.dylib
0x00007ff81d787000 	/usr/lib/libz.1.dylib
0x00007ff81d867000 	/usr/lib/libSystem.B.dylib
0x00007ff81d862000 	/usr/lib/system/libcache.dylib
0x00007ff81d81e000 	/usr/lib/system/libcommonCrypto.dylib
0x00007ff81d847000 	/usr/lib/system/libcompiler_rt.dylib
0x00007ff81d83d000 	/usr/lib/system/libcopyfile.dylib
0x00007ff8127f5000 	/usr/lib/system/libcorecrypto.dylib
0x00007ff8128b3000 	/usr/lib/system/libdispatch.dylib
0x00007ff812a73000 	/usr/lib/system/libdyld.dylib
0x00007ff81d859000 	/usr/lib/system/libkeymgr.dylib
0x00007ff81d7fc000 	/usr/lib/system/libmacho.dylib
0x00007ff81ce7d000 	/usr/lib/system/libquarantine.dylib
0x00007ff81d857000 	/usr/lib/system/libremovefile.dylib
0x00007ff817a08000 	/usr/lib/system/libsystem_asl.dylib
0x00007ff81279e000 	/usr/lib/system/libsystem_blocks.dylib
0x00007ff812937000 	/usr/lib/system/libsystem_c.dylib
0x00007ff81d84f000 	/usr/lib/system/libsystem_collections.dylib
0x00007ff81c131000 	/usr/lib/system/libsystem_configuration.dylib
0x00007ff81b3da000 	/usr/lib/system/libsystem_containermanager.dylib
0x00007ff81d534000 	/usr/lib/system/libsystem_coreservices.dylib
0x00007ff8150a9000 	/usr/lib/system/libsystem_darwin.dylib
0x00007ff81d85a000 	/usr/lib/system/libsystem_dnssd.dylib
0x00007ff812934000 	/usr/lib/system/libsystem_featureflags.dylib
0x00007ff812a89000 	/usr/lib/system/libsystem_info.dylib
0x00007ff81d79a000 	/usr/lib/system/libsystem_m.dylib
0x00007ff812887000 	/usr/lib/system/libsystem_malloc.dylib
0x00007ff8179a3000 	/usr/lib/system/libsystem_networkextension.dylib
0x00007ff8154cf000 	/usr/lib/system/libsystem_notify.dylib
0x00007ff823ad7000 	/usr/lib/system/libsystem_product_info_filter.dylib
0x00007ff81c135000 	/usr/lib/system/libsystem_sandbox.dylib
0x00007ff81d854000 	/usr/lib/system/libsystem_secinit.dylib
0x00007ff812a2f000 	/usr/lib/system/libsystem_kernel.dylib
0x00007ff812a7f000 	/usr/lib/system/libsystem_platform.dylib
0x00007ff812a67000 	/usr/lib/system/libsystem_pthread.dylib
0x00007ff819256000 	/usr/lib/system/libsystem_symptoms.dylib
0x00007ff8127dc000 	/usr/lib/system/libsystem_trace.dylib
0x00007ff81d82a000 	/usr/lib/system/libunwind.dylib
0x00007ff8127a0000 	/usr/lib/system/libxpc.dylib
0x00007ff812a19000 	/usr/lib/libc++abi.dylib
0x00007ff8128fa000 	/usr/lib/libobjc.A.dylib
0x00007ff81d835000 	/usr/lib/liboah.dylib
0x00007ff8129c0000 	/usr/lib/libc++.1.dylib
0x00007ff8298d9000 	/System/Library/Frameworks/Cocoa.framework/Versions/A/Cocoa
0x00007ff81552d000 	/System/Library/Frameworks/AppKit.framework/Versions/C/AppKit
0x00007ff818a44000 	/System/Library/Frameworks/CoreData.framework/Versions/A/CoreData
0x00007ff813930000 	/System/Library/Frameworks/Foundation.framework/Versions/C/Foundation
0x00007ff8163bd000 	/System/Library/PrivateFrameworks/UIFoundation.framework/Versions/A/UIFoundation
0x00007ff8237da000 	/System/Library/PrivateFrameworks/RemoteViewServices.framework/Versions/A/RemoteViewServices
0x00007ff81babb000 	/System/Library/PrivateFrameworks/XCTTargetBootstrap.framework/Versions/A/XCTTargetBootstrap
0x00007ff81f670000 	/System/Library/PrivateFrameworks/InternationalSupport.framework/Versions/A/InternationalSupport
0x00007ff81f6fa000 	/System/Library/PrivateFrameworks/UserActivity.framework/Versions/A/UserActivity
0x00007ff81ea4e000 	/usr/lib/libspindump.dylib
0x00007ff81664c000 	/System/Library/Frameworks/UniformTypeIdentifiers.framework/Versions/A/UniformTypeIdentifiers
0x00007ff81a1df000 	/usr/lib/libapp_launch_measurement.dylib
0x00007ff819416000 	/System/Library/PrivateFrameworks/CoreAnalytics.framework/Versions/A/CoreAnalytics
0x00007ff81a1e2000 	/System/Library/PrivateFrameworks/CoreAutoLayout.framework/Versions/A/CoreAutoLayout
0x00007ff81b412000 	/System/Library/Frameworks/Metal.framework/Versions/A/Metal
0x00007ff81c141000 	/usr/lib/liblangid.dylib
0x00007ff81bac0000 	/System/Library/PrivateFrameworks/CoreSVG.framework/Versions/A/CoreSVG
0x00007ff817a38000 	/System/Library/PrivateFrameworks/SkyLight.framework/Versions/A/SkyLight
0x00007ff817dd7000 	/System/Library/Frameworks/CoreGraphics.framework/Versions/A/CoreGraphics
0x00007ff823e9a000 	/System/Library/Frameworks/Accelerate.framework/Versions/A/Accelerate
0x00007ff81e4cd000 	/System/Library/PrivateFrameworks/IconServices.framework/Versions/A/IconServices
0x00007ff81b3f7000 	/System/Library/Frameworks/IOSurface.framework/Versions/A/IOSurface
0x00007ff819444000 	/usr/lib/libDiagnosticMessagesClient.dylib
0x00007ff82757d000 	/System/Library/Frameworks/ApplicationServices.framework/Versions/A/ApplicationServices
0x00007ff81baa7000 	/System/Library/PrivateFrameworks/DFRFoundation.framework/Versions/A/DFRFoundation
0x00007ff814e15000 	/usr/lib/libicucore.A.dylib
0x00007ff820466000 	/System/Library/Frameworks/AudioToolbox.framework/Versions/A/AudioToolbox
0x00007ff81f67c000 	/System/Library/PrivateFrameworks/DataDetectorsCore.framework/Versions/A/DataDetectorsCore
0x00007ff91bb77000 	/System/Library/PrivateFrameworks/TextInput.framework/Versions/A/TextInput
0x00007ff8179bb000 	/usr/lib/libMobileGestalt.dylib
0x00007ff81b7b3000 	/System/Library/Frameworks/Carbon.framework/Versions/A/Frameworks/HIToolbox.framework/Versions/A/HIToolbox
0x00007ff819be1000 	/System/Library/Frameworks/QuartzCore.framework/Versions/A/QuartzCore
0x00007ff814aba000 	/System/Library/Frameworks/Security.framework/Versions/A/Security
0x00007ff823812000 	/System/Library/Frameworks/Carbon.framework/Versions/A/Frameworks/SpeechRecognition.framework/Versions/A/SpeechRecognition
0x00007ff819f3f000 	/System/Library/PrivateFrameworks/CoreUI.framework/Versions/A/CoreUI
0x00007ff814384000 	/System/Library/Frameworks/CoreAudio.framework/Versions/A/CoreAudio
0x00007ff819533000 	/System/Library/Frameworks/DiskArbitration.framework/Versions/A/DiskArbitration
0x00007ff81ee3c000 	/System/Library/PrivateFrameworks/MultitouchSupport.framework/Versions/A/MultitouchSupport
0x00007ff8179ba000 	/usr/lib/libenergytrace.dylib
0x00007ff815419000 	/System/Library/Frameworks/IOKit.framework/Versions/A/IOKit
0x00007ff823c02000 	/System/Library/Frameworks/CoreServices.framework/Versions/A/CoreServices
0x00007ff81a179000 	/System/Library/PrivateFrameworks/PerformanceAnalysis.framework/Versions/A/PerformanceAnalysis
0x00007ffa2b859000 	/System/Library/Frameworks/OpenGL.framework/Versions/A/OpenGL
0x00007ff81cda3000 	/System/Library/PrivateFrameworks/MobileKeyBag.framework/Versions/A/MobileKeyBag
0x00007ff8184a3000 	/System/Library/Frameworks/ColorSync.framework/Versions/A/ColorSync
0x00007ff812ab4000 	/System/Library/Frameworks/CoreFoundation.framework/Versions/A/CoreFoundation
0x00007ff81bd37000 	/System/Library/Frameworks/CoreImage.framework/Versions/A/CoreImage
0x00007ff814198000 	/System/Library/Frameworks/CoreText.framework/Versions/A/CoreText
0x00007ff81baf0000 	/System/Library/Frameworks/ImageIO.framework/Versions/A/ImageIO
0x00007ff81d86d000 	/System/Library/PrivateFrameworks/SoftLinking.framework/Versions/A/SoftLinking
0x00007ff81a22a000 	/usr/lib/libxml2.2.dylib
0x00007ff81daf1000 	/usr/lib/libcompression.dylib
0x00007ff81f5a3000 	/System/Library/PrivateFrameworks/TextureIO.framework/Versions/A/TextureIO
0x00007ff81e1df000 	/usr/lib/libate.dylib
0x00007ff81dfbb000 	/usr/lib/liblzma.5.dylib
0x00007ff813642000 	/System/Library/Frameworks/SystemConfiguration.framework/Versions/A/SystemConfiguration
0x00007ff81d869000 	/usr/lib/libfakelink.dylib
0x00007ff817513000 	/System/Library/Frameworks/CFNetwork.framework/Versions/A/CFNetwork
0x00007ff81d9aa000 	/usr/lib/libarchive.2.dylib
0x00007ff81c13d000 	/System/Library/PrivateFrameworks/AppleSystemInfo.framework/Versions/A/AppleSystemInfo
0x00007ff81cea4000 	/usr/lib/libbsm.0.dylib
0x00007ff816b22000 	/usr/lib/libnetwork.dylib
0x00007ff81d802000 	/usr/lib/system/libkxld.dylib
0x00007ff81cad7000 	/System/Library/PrivateFrameworks/IOMobileFramebuffer.framework/Versions/A/IOMobileFramebuffer
0x00007ffb2b228000 	/usr/lib/libCoreEntitlements.dylib
0x00007ff81d516000 	/System/Library/PrivateFrameworks/AppleFSCompression.framework/Versions/A/AppleFSCompression
0x00007ff81ce8c000 	/usr/lib/libcoretls.dylib
0x00007ff81dfd5000 	/usr/lib/libcoretls_cfhelpers.dylib
0x00007ff81daec000 	/usr/lib/libpam.2.dylib
0x00007ff818e75000 	/usr/lib/libsqlite3.dylib
0x00007ff81e044000 	/usr/lib/libxar.1.dylib
0x00007ff81d526000 	/usr/lib/libbz2.1.0.dylib
0x00007ff81d86e000 	/usr/lib/libpcap.A.dylib
0x00007ff81924e000 	/usr/lib/libdns_services.dylib
0x00007ff81dabc000 	/usr/lib/libapple_nghttp2.dylib
0x00007ff81d8a8000 	/usr/lib/libiconv.2.dylib
0x00007ff81d7fb000 	/usr/lib/libcharset.1.dylib
0x00007ff81a1ad000 	/System/Library/Frameworks/CoreServices.framework/Versions/A/Frameworks/FSEvents.framework/Versions/A/FSEvents
0x00007ff8150b3000 	/System/Library/Frameworks/CoreServices.framework/Versions/A/Frameworks/CarbonCore.framework/Versions/A/CarbonCore
0x00007ff819497000 	/System/Library/Frameworks/CoreServices.framework/Versions/A/Frameworks/Metadata.framework/Versions/A/Metadata
0x00007ff81d539000 	/System/Library/Frameworks/CoreServices.framework/Versions/A/Frameworks/OSServices.framework/Versions/A/OSServices
0x00007ff81da31000 	/System/Library/Frameworks/CoreServices.framework/Versions/A/Frameworks/SearchKit.framework/Versions/A/SearchKit
0x00007ff8191e0000 	/System/Library/Frameworks/CoreServices.framework/Versions/A/Frameworks/AE.framework/Versions/A/AE
0x00007ff812fb7000 	/System/Library/Frameworks/CoreServices.framework/Versions/A/Frameworks/LaunchServices.framework/Versions/A/LaunchServices
0x00007ff81df6c000 	/System/Library/Frameworks/CoreServices.framework/Versions/A/Frameworks/DictionaryServices.framework/Versions/A/DictionaryServices
0x00007ff81a1ba000 	/System/Library/Frameworks/CoreServices.framework/Versions/A/Frameworks/SharedFileList.framework/Versions/A/SharedFileList
0x00007ff81ce80000 	/usr/lib/libCheckFix.dylib
0x00007ff817a1f000 	/System/Library/PrivateFrameworks/TCC.framework/Versions/A/TCC
0x00007ff81c143000 	/System/Library/PrivateFrameworks/CoreNLP.framework/Versions/A/CoreNLP
0x00007ff819447000 	/System/Library/PrivateFrameworks/MetadataUtilities.framework/Versions/A/MetadataUtilities
0x00007ff8136f3000 	/usr/lib/libmecabra.dylib
0x00007ff81ceb4000 	/usr/lib/libmecab.dylib
0x00007ff8136be000 	/usr/lib/libCRFSuite.dylib
0x00007ff81cf0e000 	/usr/lib/libgermantok.dylib
0x00007ff81da97000 	/usr/lib/libThaiTokenizer.dylib
0x00007ff81953a000 	/System/Library/Frameworks/Accelerate.framework/Versions/A/Frameworks/vImage.framework/Versions/A/vImage
0x00007ff823bd9000 	/System/Library/Frameworks/Accelerate.framework/Versions/A/Frameworks/vecLib.framework/Versions/A/vecLib
0x00007ff81e085000 	/System/Library/Frameworks/Accelerate.framework/Versions/A/Frameworks/vecLib.framework/Versions/A/libvMisc.dylib
0x00007ff81c902000 	/System/Library/Frameworks/Accelerate.framework/Versions/A/Frameworks/vecLib.framework/Versions/A/libvDSP.dylib
0x00007ff813332000 	/System/Library/Frameworks/Accelerate.framework/Versions/A/Frameworks/vecLib.framework/Versions/A/libBLAS.dylib
0x00007ff81dbce000 	/System/Library/Frameworks/Accelerate.framework/Versions/A/Frameworks/vecLib.framework/Versions/A/libLAPACK.dylib
0x00007ff81cf11000 	/System/Library/Frameworks/Accelerate.framework/Versions/A/Frameworks/vecLib.framework/Versions/A/libLinearAlgebra.dylib
0x00007ff81dad4000 	/System/Library/Frameworks/Accelerate.framework/Versions/A/Frameworks/vecLib.framework/Versions/A/libSparseBLAS.dylib
0x00007ff81dbc8000 	/System/Library/Frameworks/Accelerate.framework/Versions/A/Frameworks/vecLib.framework/Versions/A/libQuadrature.dylib
0x00007ff81c22e000 	/System/Library/Frameworks/Accelerate.framework/Versions/A/Frameworks/vecLib.framework/Versions/A/libBNNS.dylib
0x00007ff8135cc000 	/System/Library/Frameworks/Accelerate.framework/Versions/A/Frameworks/vecLib.framework/Versions/A/libSparse.dylib
0x00007ff81c227000 	/System/Library/PrivateFrameworks/LinguisticData.framework/Versions/A/LinguisticData
0x00007ff813582000 	/System/Library/PrivateFrameworks/Lexicon.framework/Versions/A/Lexicon
0x00007ff81e07e000 	/usr/lib/libChineseTokenizer.dylib
0x00007ff813ced000 	/System/Library/PrivateFrameworks/LanguageModeling.framework/Versions/A/LanguageModeling
0x00007ff81da99000 	/System/Library/PrivateFrameworks/AppleSauce.framework/Versions/A/AppleSauce
0x00007ff81cac5000 	/System/Library/PrivateFrameworks/CoreEmoji.framework/Versions/A/CoreEmoji
0x00007ff81d999000 	/usr/lib/libcmph.dylib
0x00007ff81a191000 	/System/Library/Frameworks/OpenDirectory.framework/Versions/A/Frameworks/CFOpenDirectory.framework/Versions/A/CFOpenDirectory
0x00007ff81a185000 	/System/Library/Frameworks/OpenDirectory.framework/Versions/A/OpenDirectory
0x00007ff81dfd7000 	/System/Library/PrivateFrameworks/APFS.framework/Versions/A/APFS
0x00007ff81cddb000 	/System/Library/Frameworks/SecurityFoundation.framework/Versions/A/SecurityFoundation
0x00007ff81e052000 	/usr/lib/libutil.dylib
0x00007ff8153dd000 	/System/Library/PrivateFrameworks/CoreServicesStore.framework/Versions/A/CoreServicesStore
0x00007ff81e056000 	/usr/lib/libxslt.1.dylib
0x00007ff81ce68000 	/System/Library/PrivateFrameworks/BackgroundTaskManagement.framework/Versions/A/BackgroundTaskManagement
0x00007ff81f4c3000 	/System/Library/Frameworks/ImageIO.framework/Versions/A/Resources/libRadiance.dylib
0x00007ff81f4cc000 	/System/Library/Frameworks/ImageIO.framework/Versions/A/Resources/libJPEG.dylib
0x00007ff81f41b000 	/System/Library/Frameworks/ImageIO.framework/Versions/A/Resources/libPng.dylib
0x00007ff81f43c000 	/System/Library/Frameworks/ImageIO.framework/Versions/A/Resources/libTIFF.dylib
0x00007ff81f52c000 	/System/Library/Frameworks/ImageIO.framework/Versions/A/Resources/libGIF.dylib
0x00007ff81ed56000 	/System/Library/Frameworks/ImageIO.framework/Versions/A/Resources/libJP2.dylib
0x00007ff81e494000 	/usr/lib/libexpat.1.dylib
0x00007ff81ed0b000 	/System/Library/PrivateFrameworks/AppleJPEG.framework/Versions/A/AppleJPEG
0x00007ff81b677000 	/System/Library/PrivateFrameworks/FontServices.framework/libFontParser.dylib
0x00007ff81918a000 	/System/Library/PrivateFrameworks/RunningBoardServices.framework/Versions/A/RunningBoardServices
0x00007ff829e94000 	/System/Library/PrivateFrameworks/IOSurfaceAccelerator.framework/Versions/A/IOSurfaceAccelerator
0x00007ff81ee38000 	/System/Library/PrivateFrameworks/WatchdogClient.framework/Versions/A/WatchdogClient
0x00007ff813ddb000 	/System/Library/Frameworks/CoreDisplay.framework/Versions/A/CoreDisplay
0x00007ff81b575000 	/System/Library/Frameworks/CoreMedia.framework/Versions/A/CoreMedia
0x00007ff81b409000 	/System/Library/PrivateFrameworks/IOAccelerator.framework/Versions/A/IOAccelerator
0x00007ff81a30e000 	/System/Library/Frameworks/CoreVideo.framework/Versions/A/CoreVideo
0x00007ff81daea000 	/System/Library/Frameworks/MetalPerformanceShaders.framework/Versions/A/MetalPerformanceShaders
0x00007ff81ee75000 	/System/Library/Frameworks/VideoToolbox.framework/Versions/A/VideoToolbox
0x00007ff8190d4000 	/System/Library/PrivateFrameworks/BaseBoard.framework/Versions/A/BaseBoard
0x00007ff818e5b000 	/System/Library/PrivateFrameworks/ProtocolBuffer.framework/Versions/A/ProtocolBuffer
0x00007ff81f4bc000 	/System/Library/PrivateFrameworks/GPUWrangler.framework/Versions/A/GPUWrangler
0x00007ff81f4a0000 	/System/Library/PrivateFrameworks/IOPresentment.framework/Versions/A/IOPresentment
0x00007ff81f4c6000 	/System/Library/PrivateFrameworks/DSExternalDisplay.framework/Versions/A/DSExternalDisplay
0x00007ffa2b84d000 	/System/Library/Frameworks/OpenGL.framework/Versions/A/Libraries/libCoreFSCache.dylib
0x00007ffb18924000 	/System/Library/PrivateFrameworks/GPUCompiler.framework/Versions/31001/Libraries/libGPUCompilerUtils.dylib
0x00007ff81f531000 	/System/Library/PrivateFrameworks/CMCaptureCore.framework/Versions/A/CMCaptureCore
0x00007ff81ea3c000 	/System/Library/PrivateFrameworks/AppServerSupport.framework/Versions/A/AppServerSupport
0x00007ff820cff000 	/System/Library/PrivateFrameworks/perfdata.framework/Versions/A/perfdata
0x00007ff813f07000 	/System/Library/PrivateFrameworks/AudioToolboxCore.framework/Versions/A/AudioToolboxCore
0x00007ff81b553000 	/System/Library/PrivateFrameworks/caulk.framework/Versions/A/caulk
0x00007ff820611000 	/usr/lib/libAudioStatistics.dylib
0x00007ff918305000 	/System/Library/PrivateFrameworks/SystemPolicy.framework/Versions/A/SystemPolicy
0x00007ff82086c000 	/usr/lib/libSMC.dylib
0x00007ff82978c000 	/System/Library/Frameworks/CoreMIDI.framework/Versions/A/CoreMIDI
0x00007ff81f3ea000 	/usr/lib/libAudioToolboxUtility.dylib
0x00007ff914531000 	/System/Library/PrivateFrameworks/OSAServicesClient.framework/Versions/A/OSAServicesClient
0x00007ff820d0c000 	/usr/lib/libperfcheck.dylib
0x00007ff918db2000 	/usr/lib/libmis.dylib
0x00007ffa2b8a8000 	/System/Library/Frameworks/OpenGL.framework/Versions/A/Libraries/libGLU.dylib
0x00007ffa2b86c000 	/System/Library/Frameworks/OpenGL.framework/Versions/A/Libraries/libGFXShared.dylib
0x00007ffa2ba75000 	/System/Library/Frameworks/OpenGL.framework/Versions/A/Libraries/libGL.dylib
0x00007ffa2b875000 	/System/Library/Frameworks/OpenGL.framework/Versions/A/Libraries/libGLImage.dylib
0x00007ffa2b869000 	/System/Library/Frameworks/OpenGL.framework/Versions/A/Libraries/libCVMSPluginSupport.dylib
0x00007ffa2b854000 	/System/Library/Frameworks/OpenGL.framework/Versions/A/Libraries/libCoreVMClient.dylib
0x00007ff81c0bf000 	/System/Library/Frameworks/MetalPerformanceShaders.framework/Versions/A/Frameworks/MPSCore.framework/Versions/A/MPSCore
0x00007ff81d481000 	/System/Library/Frameworks/MetalPerformanceShaders.framework/Versions/A/Frameworks/MPSImage.framework/Versions/A/MPSImage
0x00007ff81cf27000 	/System/Library/Frameworks/MetalPerformanceShaders.framework/Versions/A/Frameworks/MPSNeuralNetwork.framework/Versions/A/MPSNeuralNetwork
0x00007ff81d39b000 	/System/Library/Frameworks/MetalPerformanceShaders.framework/Versions/A/Frameworks/MPSMatrix.framework/Versions/A/MPSMatrix
0x00007ff81d156000 	/System/Library/Frameworks/MetalPerformanceShaders.framework/Versions/A/Frameworks/MPSRayIntersector.framework/Versions/A/MPSRayIntersector
0x00007ff81d3d3000 	/System/Library/Frameworks/MetalPerformanceShaders.framework/Versions/A/Frameworks/MPSNDArray.framework/Versions/A/MPSNDArray
0x00007ffa3132d000 	/System/Library/Frameworks/MetalPerformanceShaders.framework/Versions/A/Frameworks/MPSFunctions.framework/Versions/A/MPSFunctions
0x00007ff81320e000 	/System/Library/PrivateFrameworks/MetalTools.framework/Versions/A/MetalTools
0x00007ff81c13b000 	/System/Library/PrivateFrameworks/AggregateDictionary.framework/Versions/A/AggregateDictionary
0x00007ff81e276000 	/usr/lib/libIOReport.dylib
0x00007ffa2ce84000 	/System/Library/Frameworks/OpenCL.framework/Versions/A/OpenCL
0x00007ff81e5da000 	/System/Library/PrivateFrameworks/FaceCore.framework/Versions/A/FaceCore
0x00007ff81e5cb000 	/System/Library/PrivateFrameworks/GraphVisualizer.framework/Versions/A/GraphVisualizer
0x00007ffb1882f000 	/System/Library/PrivateFrameworks/FontServices.framework/Versions/A/FontServices
0x00007ff81e9f4000 	/System/Library/PrivateFrameworks/OTSVG.framework/Versions/A/OTSVG
0x00007ff819ef4000 	/System/Library/Frameworks/ApplicationServices.framework/Versions/A/Frameworks/ATS.framework/Versions/A/Resources/libFontRegistry.dylib
0x00007ff81ea44000 	/System/Library/PrivateFrameworks/FontServices.framework/libhvf.dylib
0x00007ffb18830000 	/System/Library/PrivateFrameworks/FontServices.framework/libXTFontStaticRegistryData.dylib
0x00007ff81e444000 	/System/Library/PrivateFrameworks/AppleVA.framework/Versions/A/AppleVA
0x00007ff820631000 	/System/Library/Frameworks/ApplicationServices.framework/Versions/A/Frameworks/ATS.framework/Versions/A/ATS
0x00007ff8185a1000 	/System/Library/Frameworks/ApplicationServices.framework/Versions/A/Frameworks/HIServices.framework/Versions/A/HIServices
0x00007ff81f53b000 	/System/Library/Frameworks/ApplicationServices.framework/Versions/A/Frameworks/PrintCore.framework/Versions/A/PrintCore
0x00007ff8209bf000 	/System/Library/Frameworks/ApplicationServices.framework/Versions/A/Frameworks/QD.framework/Versions/A/QD
0x00007ff8209b7000 	/System/Library/Frameworks/ApplicationServices.framework/Versions/A/Frameworks/ColorSyncLegacy.framework/Versions/A/ColorSyncLegacy
0x00007ff820621000 	/System/Library/Frameworks/ApplicationServices.framework/Versions/A/Frameworks/SpeechSynthesis.framework/Versions/A/SpeechSynthesis
0x00007ff81f4fc000 	/System/Library/Frameworks/ApplicationServices.framework/Versions/A/Frameworks/ATSUI.framework/Versions/A/ATSUI
0x00007ff82094c000 	/usr/lib/libcups.2.dylib
0x00007ff820d1b000 	/System/Library/Frameworks/Kerberos.framework/Versions/A/Kerberos
0x00007ff820d2a000 	/System/Library/Frameworks/GSS.framework/Versions/A/GSS
0x00007ff82069d000 	/usr/lib/libresolv.9.dylib
0x00007ff81ea53000 	/System/Library/PrivateFrameworks/Heimdal.framework/Versions/A/Heimdal
0x00007ff82790f000 	/System/Library/Frameworks/Kerberos.framework/Versions/A/Libraries/libHeimdalProxy.dylib
0x00007ff81925e000 	/System/Library/Frameworks/Network.framework/Versions/A/Network
0x00007ff81e4ae000 	/usr/lib/libheimdal-asn1.dylib
0x00007ff820d75000 	/System/Library/PrivateFrameworks/CommonAuth.framework/Versions/A/CommonAuth
0x00007ff8205a3000 	/System/Library/PrivateFrameworks/AudioSession.framework/Versions/A/AudioSession
0x00007ff81e53e000 	/System/Library/PrivateFrameworks/MediaExperience.framework/Versions/A/MediaExperience
0x00007ff820435000 	/System/Library/PrivateFrameworks/AudioSession.framework/libSessionUtility.dylib
0x00007ff8209cb000 	/System/Library/PrivateFrameworks/AudioResourceArbitration.framework/Versions/A/AudioResourceArbitration
0x00007ff824a4c000 	/System/Library/PrivateFrameworks/PowerLog.framework/Versions/A/PowerLog
0x00007ff81e4b7000 	/System/Library/PrivateFrameworks/IconFoundation.framework/Versions/A/IconFoundation
0x00007ff823802000 	/System/Library/PrivateFrameworks/SpeechRecognitionCore.framework/Versions/A/SpeechRecognitionCore
0x0000000107d04000 	/Library/Java/JavaVirtualMachines/temurin-17.jdk/Contents/Home/lib/server/libjvm.dylib
0x0000000106be5000 	/Library/Java/JavaVirtualMachines/temurin-17.jdk/Contents/Home/lib/libjimage.dylib
0x0000000106c5c000 	/Library/Java/JavaVirtualMachines/temurin-17.jdk/Contents/Home/lib/libjava.dylib
0x0000000107ab7000 	/Library/Java/JavaVirtualMachines/temurin-17.jdk/Contents/Home/lib/libnio.dylib
0x0000000107ae6000 	/Library/Java/JavaVirtualMachines/temurin-17.jdk/Contents/Home/lib/libnet.dylib
0x0000000107acc000 	/Library/Java/JavaVirtualMachines/temurin-17.jdk/Contents/Home/lib/libzip.dylib
0x0000000107b00000 	/Users/mselvakumar/.openjfx/cache/17/libprism_es2.dylib
0x00007ff81539f000 	/System/Library/PrivateFrameworks/CoreServicesInternal.framework/Versions/A/CoreServicesInternal
0x00007ffa2ba80000 	/System/Library/Frameworks/OpenGL.framework/Versions/A/Resources/GLEngine.bundle/GLEngine
0x00007ffa2b8e6000 	/System/Library/Frameworks/OpenGL.framework/Versions/A/Libraries/libGLProgrammability.dylib
0x00007ffa208fc000 	/System/Library/Extensions/AppleIntelKBLGraphicsGLDriver.bundle/Contents/MacOS/AppleIntelKBLGraphicsGLDriver
0x00007ff922f4d000 	/System/Library/PrivateFrameworks/GPUSupport.framework/Versions/A/Libraries/libGPUSupportMercury.dylib
0x00007ffa2bc0a000 	/System/Library/Frameworks/OpenGL.framework/Versions/A/Resources/GLRendererFloat.bundle/GLRendererFloat
0x00000001262e4000 	/Users/mselvakumar/.openjfx/cache/17/libglass.dylib
0x00007ff82503d000 	/System/Library/Frameworks/FileProvider.framework/Versions/A/FileProvider
0x00007ff819041000 	/System/Library/Frameworks/Accounts.framework/Versions/A/Accounts
0x00007ff8251b6000 	/System/Library/PrivateFrameworks/GenerationalStorage.framework/Versions/A/GenerationalStorage
0x00007ff825cc6000 	/System/Library/PrivateFrameworks/CoreSymbolication.framework/Versions/A/CoreSymbolication
0x00007ff824a41000 	/System/Library/PrivateFrameworks/SymptomDiagnosticReporter.framework/Versions/A/SymptomDiagnosticReporter
0x00007ff816660000 	/System/Library/PrivateFrameworks/DesktopServicesPriv.framework/Versions/A/DesktopServicesPriv
0x00007ff8154de000 	/usr/lib/libsandbox.1.dylib
0x00007ff81a38d000 	/System/Library/PrivateFrameworks/UserManagement.framework/Versions/A/UserManagement
0x00007ff825c8b000 	/System/Library/PrivateFrameworks/DebugSymbols.framework/Versions/A/DebugSymbols
0x00007ff8209ac000 	/System/Library/PrivateFrameworks/NetAuth.framework/Versions/A/NetAuth
0x00007ff8218bb000 	/System/Library/PrivateFrameworks/Sharing.framework/Versions/A/Sharing
0x00007ff81a360000 	/System/Library/PrivateFrameworks/login.framework/Versions/A/Frameworks/loginsupport.framework/Versions/A/loginsupport
0x00007ff826e29000 	/System/Library/PrivateFrameworks/Apple80211.framework/Versions/A/Apple80211
0x00007ff81d566000 	/System/Library/PrivateFrameworks/AuthKit.framework/Versions/A/AuthKit
0x00007ff81cbbb000 	/System/Library/PrivateFrameworks/CoreUtils.framework/Versions/A/CoreUtils
0x00007ff81cae2000 	/System/Library/Frameworks/CoreWLAN.framework/Versions/A/CoreWLAN
0x00007ff821a1a000 	/System/Library/Frameworks/IOBluetooth.framework/Versions/A/IOBluetooth
0x00007ff826e91000 	/System/Library/PrivateFrameworks/CoreWiFi.framework/Versions/A/CoreWiFi
0x00007ff825860000 	/System/Library/PrivateFrameworks/FrontBoardServices.framework/Versions/A/FrontBoardServices
0x00007ff8258f1000 	/System/Library/PrivateFrameworks/BoardServices.framework/Versions/A/BoardServices
0x00007ff81cdca000 	/System/Library/PrivateFrameworks/AssertionServices.framework/Versions/A/AssertionServices
0x00007ff827014000 	/System/Library/PrivateFrameworks/BackBoardServices.framework/Versions/A/BackBoardServices
0x00007ff820e06000 	/System/Library/PrivateFrameworks/CorePhoneNumbers.framework/Versions/A/CorePhoneNumbers
0x00007ff8206ca000 	/System/Library/PrivateFrameworks/MultiverseSupport.framework/Versions/A/MultiverseSupport
0x00007ff827288000 	/System/Library/PrivateFrameworks/RemoteServiceDiscovery.framework/Versions/A/RemoteServiceDiscovery
0x00007ff824b5e000 	/System/Library/PrivateFrameworks/DiskManagement.framework/Versions/A/DiskManagement
0x00007ff824a72000 	/System/Library/PrivateFrameworks/AppleIDAuthSupport.framework/Versions/A/AppleIDAuthSupport
0x00007ffb131aa000 	/System/Library/PrivateFrameworks/AAAFoundation.framework/Versions/A/AAAFoundation
0x00007ff820de7000 	/System/Library/PrivateFrameworks/KeychainCircle.framework/Versions/A/KeychainCircle
0x00007ff827298000 	/System/Library/PrivateFrameworks/RemoteXPC.framework/Versions/A/RemoteXPC
0x00007ff824b2a000 	/System/Library/PrivateFrameworks/MediaKit.framework/Versions/A/MediaKit
0x00007ff824a7e000 	/System/Library/Frameworks/DiscRecording.framework/Versions/A/DiscRecording
0x00007ff81e3bc000 	/usr/lib/libCoreStorage.dylib
0x00007ff827303000 	/usr/lib/libcsfde.dylib
0x00007ff821ae7000 	/System/Library/PrivateFrameworks/ProtectedCloudStorage.framework/Versions/A/ProtectedCloudStorage
0x00007ff8272ff000 	/System/Library/PrivateFrameworks/EFILogin.framework/Versions/A/EFILogin
0x00007ff8251dc000 	/System/Library/PrivateFrameworks/OctagonTrust.framework/Versions/A/OctagonTrust
0x00007ffb17a92000 	/System/Library/PrivateFrameworks/CoreUtilsExtras.framework/Versions/A/CoreUtilsExtras
0x00007ff8249a5000 	/System/Library/Frameworks/CoreBluetooth.framework/Versions/A/CoreBluetooth
0x00007ff827994000 	/System/Library/Frameworks/AudioUnit.framework/Versions/A/AudioUnit
0x00007ff81e3b4000 	/usr/lib/libMatch.1.dylib
0x00007ff91d3d6000 	/System/Library/Frameworks/Accelerate.framework/Versions/A/Frameworks/vImage.framework/Versions/A/Libraries/libCGInterfaces.dylib
0x00000001263cd000 	/usr/lib/libobjc-trampolines.dylib
0x00007ff81a085000 	/System/Library/PrivateFrameworks/ViewBridge.framework/Versions/A/ViewBridge


VM Arguments:
jvm_args: --add-modules=javafx.controls --module-path=/Users/mselvakumar/.gradle/caches/modules-2/files-2.1/org.openjfx/javafx-controls/17/e73acf695ffccb4f904ff7b76de8999eefb547c2/javafx-controls-17-mac.jar:/Users/mselvakumar/.gradle/caches/modules-2/files-2.1/org.openjfx/javafx-graphics/17/8b1d1124ce83e874db390016913fba7708f3592d/javafx-graphics-17-mac.jar:/Users/mselvakumar/.gradle/caches/modules-2/files-2.1/org.openjfx/javafx-base/17/61d52392b063be78f7cc1b0fbfc04dda7a835a15/javafx-base-17-mac.jar -Dfile.encoding=UTF-8 -Duser.country=FR -Duser.language=fr -Duser.variant 
java_command: gui.App
java_class_path (initial): /Users/mselvakumar/Desktop/GitLab/pong/build/classes/java/main:/Users/mselvakumar/Desktop/GitLab/pong/build/resources/main
Launcher Type: SUN_STANDARD

[Global flags]
     intx CICompilerCount                          = 3                                         {product} {ergonomic}
     uint ConcGCThreads                            = 1                                         {product} {ergonomic}
     uint G1ConcRefinementThreads                  = 4                                         {product} {ergonomic}
   size_t G1HeapRegionSize                         = 1048576                                   {product} {ergonomic}
    uintx GCDrainStackTargetSize                   = 64                                        {product} {ergonomic}
   size_t InitialHeapSize                          = 134217728                                 {product} {ergonomic}
   size_t MarkStackSize                            = 4194304                                   {product} {ergonomic}
   size_t MaxHeapSize                              = 2147483648                                {product} {ergonomic}
   size_t MaxNewSize                               = 1287651328                                {product} {ergonomic}
   size_t MinHeapDeltaBytes                        = 1048576                                   {product} {ergonomic}
   size_t MinHeapSize                              = 8388608                                   {product} {ergonomic}
    uintx NonNMethodCodeHeapSize                   = 5832780                                {pd product} {ergonomic}
    uintx NonProfiledCodeHeapSize                  = 122912730                              {pd product} {ergonomic}
    uintx ProfiledCodeHeapSize                     = 122912730                              {pd product} {ergonomic}
    uintx ReservedCodeCacheSize                    = 251658240                              {pd product} {ergonomic}
     bool SegmentedCodeCache                       = true                                      {product} {ergonomic}
   size_t SoftMaxHeapSize                          = 2147483648                             {manageable} {ergonomic}
     bool UseCompressedClassPointers               = true                           {product lp64_product} {ergonomic}
     bool UseCompressedOops                        = true                           {product lp64_product} {ergonomic}
     bool UseG1GC                                  = true                                      {product} {ergonomic}
     bool UseNUMA                                  = false                                     {product} {ergonomic}
     bool UseNUMAInterleaving                      = false                                     {product} {ergonomic}

Logging:
Log output configuration:
 #0: stdout all=warning uptime,level,tags
 #1: stderr all=off uptime,level,tags

Environment Variables:
PATH=/Users/mselvakumar/opt/anaconda3/bin:/Users/mselvakumar/opt/anaconda3/condabin:/Users/mselvakumar/.opam/default/bin:/usr/local/bin:/usr/bin:/bin:/usr/sbin:/sbin:/opt/X11/bin:/Library/Apple/usr/bin:/usr/local/mysql-8.0.28-macos11-x86_64/bin:/usr/local/Cellar/php@7.4/7.4.29/bin
SHELL=/bin/zsh
DISPLAY=/private/tmp/com.apple.launchd.OwgEemvgZZ/org.xquartz:0
LC_CTYPE=fr_FR.UTF-8

Signal Handlers:
   SIGSEGV: crash_handler in libjvm.dylib, mask=11100110000111110111111111111111, flags=SA_RESTART|SA_SIGINFO
    SIGBUS: crash_handler in libjvm.dylib, mask=11100110000111110111111111111111, flags=SA_RESTART|SA_SIGINFO
    SIGFPE: crash_handler in libjvm.dylib, mask=11100110000111110111111111111111, flags=SA_RESTART|SA_SIGINFO
   SIGPIPE: javaSignalHandler in libjvm.dylib, mask=11100110000111110111111111111111, flags=SA_RESTART|SA_SIGINFO
   SIGXFSZ: javaSignalHandler in libjvm.dylib, mask=11100110000111110111111111111111, flags=SA_RESTART|SA_SIGINFO
    SIGILL: crash_handler in libjvm.dylib, mask=11100110000111110111111111111111, flags=SA_RESTART|SA_SIGINFO
   SIGUSR2: SR_handler in libjvm.dylib, mask=00100000000000000000000000000000, flags=SA_RESTART|SA_SIGINFO
    SIGHUP: UserHandler in libjvm.dylib, mask=11100110000111110111111111111111, flags=SA_RESTART|SA_SIGINFO
    SIGINT: UserHandler in libjvm.dylib, mask=11100110000111110111111111111111, flags=SA_RESTART|SA_SIGINFO
   SIGTERM: UserHandler in libjvm.dylib, mask=11100110000111110111111111111111, flags=SA_RESTART|SA_SIGINFO
   SIGQUIT: UserHandler in libjvm.dylib, mask=11100110000111110111111111111111, flags=SA_RESTART|SA_SIGINFO
   SIGTRAP: crash_handler in libjvm.dylib, mask=11100110000111110111111111111111, flags=SA_RESTART|SA_SIGINFO


---------------  S Y S T E M  ---------------

OS:
uname: Darwin 21.6.0 Darwin Kernel Version 21.6.0: Mon Aug 22 20:17:10 PDT 2022; root:xnu-8020.140.49~2/RELEASE_X86_64 x86_64
OS uptime: 0 days 4:56 hours
rlimit (soft/hard): STACK 8192k/65532k , CORE 0k/infinity , NPROC 1392/2088 , NOFILE 10240/infinity , AS infinity/infinity , CPU infinity/infinity , DATA infinity/infinity , FSIZE infinity/infinity , MEMLOCK infinity/infinity , RSS infinity/infinity
load average: 3.62 3.74 3.67

CPU: total 4 (initial active 4) (2 cores per cpu, 2 threads per core) family 6 model 142 stepping 9 microcode 0xf0, cx8, cmov, fxsr, ht, mmx, 3dnowpref, sse, sse2, sse3, ssse3, sse4.1, sse4.2, popcnt, lzcnt, tsc, tscinvbit, avx, avx2, aes, erms, clmul, bmi1, bmi2, adx, fma, vzeroupper, clflush, clflushopt

Memory: 4k page, physical 8388608k(23836k free), swap 3145728k(1745920k free)

vm_info: OpenJDK 64-Bit Server VM (17.0.2+8) for bsd-amd64 JRE (17.0.2+8), built on Jan 20 2022 10:57:18 by "jenkins" with clang 4.2.1 Compatible Apple LLVM 10.0.1 (clang-1001.0.46.4)

END.
